09.53.16	正常	设备1 CRC = 0xda8553a6
09.53.16	错误	设备1 downImage复位失败!!
09.53.16	警告	设备1 程序下载失败 
09.53.18	正常	设备1 继续下载失败的bin文件！ 
09.53.25	警告	设备1 写入Bin文件超时-1！ 
09.53.25	警告	设备1 程序下载失败 
09.53.36	正常	设备1 继续下载失败的bin文件！ 
09.53.55	正常	设备1 程序下载成功 
10.06.31	正常	设备1 CRC = 0x719ab0af
10.06.45	正常	设备1 程序下载成功 
10.08.42	正常	设备1 CRC = 0xda8553a6
10.09.01	正常	设备1 程序下载成功 
10.15.31	正常	设备1 CRC = 0x8b17dfc5
10.15.50	正常	设备1 程序下载成功 
10.27.19	正常	设备1 CRC = 0xcba9c78e
10.27.36	正常	设备1 程序下载成功 
10.45.27	正常	设备1 CRC = 0x8b17dfc5
10.45.45	正常	设备1 程序下载成功 
11.03.43	正常	设备1 CRC = 0x0e04fa8c
11.03.57	正常	设备1 程序下载成功 
11.05.53	正常	设备1 CRC = 0xa25842fa
11.06.06	正常	设备1 程序下载成功 
11.07.06	正常	设备1 CRC = 0xe7127029
11.07.20	正常	设备1 程序下载成功 
11.08.39	正常	设备1 CRC = 0xe7127029
11.08.53	正常	设备1 程序下载成功 
11.10.01	正常	设备1 CRC = 0x719ab0af
11.10.14	正常	设备1 程序下载成功 
11.13.32	正常	设备1 CRC = 0x726a212f
11.13.45	正常	设备1 程序下载成功 
11.15.10	正常	设备1 CRC = 0x29db4e19
11.15.24	正常	设备1 程序下载成功 
11.31.31	正常	设备1 CRC = 0xa25842fa
11.31.31	错误	设备1 downImage复位失败!!
11.31.31	警告	设备1 程序下载失败 
11.31.39	正常	设备1 继续下载失败的bin文件！ 
11.31.52	正常	设备1 程序下载成功 
11.33.54	正常	设备1 CRC = 0x8b17dfc5
11.34.12	正常	设备1 程序下载成功 
11.47.30	正常	设备1 CRC = 0x4d38fd67
11.47.49	正常	设备1 程序下载成功 
14.10.46	正常	设备1 CRC = 0x2e248211
14.11.05	正常	设备1 程序下载成功 
14.14.31	正常	设备1 CRC = 0xf079ad00
14.14.50	正常	设备1 程序下载成功 
14.19.46	正常	设备1 CRC = 0x2309df0e
14.20.00	正常	设备1 程序下载成功 
14.21.34	正常	设备1 CRC = 0x750e9a31
14.21.48	正常	设备1 程序下载成功 
14.26.22	正常	设备1 CRC = 0x7f57cac6
14.26.36	正常	设备1 程序下载成功 
14.29.33	正常	设备1 CRC = 0x7f57cac6
14.29.47	正常	设备1 程序下载成功 
14.30.25	正常	设备1 CRC = 0x807ca66c
14.30.38	正常	设备1 程序下载成功 
14.33.17	正常	设备1 CRC = 0xcf15e779
14.33.30	正常	设备1 程序下载成功 
14.36.42	正常	设备1 CRC = 0x45861664
14.36.55	正常	设备1 程序下载成功 
14.37.39	正常	设备1 CRC = 0x85eca915
14.37.52	正常	设备1 程序下载成功 
14.38.27	正常	设备1 CRC = 0x85eca915
14.38.40	正常	设备1 程序下载成功 
14.38.55	正常	设备1 CRC = 0xceede1b8
14.39.08	正常	设备1 程序下载成功 
14.43.44	正常	设备1 CRC = 0x7cb8913b
14.43.57	正常	设备1 程序下载成功 
14.46.01	正常	设备1 CRC = 0xad961f14
14.46.02	错误	设备1 downImage复位失败!!
14.46.02	警告	设备1 程序下载失败 
14.46.09	正常	设备1 继续下载失败的bin文件！ 
14.46.22	正常	设备1 程序下载成功 
14.46.56	正常	设备1 CRC = 0x0c2e0f23
14.47.09	正常	设备1 程序下载成功 
15.42.34	正常	设备1 CRC = 0xcc5a28f8
15.42.53	正常	设备1 程序下载成功 
16.07.37	正常	设备1 CRC = 0x0007ca20
16.07.50	正常	设备1 程序下载成功 
17.24.18	正常	设备1 CRC = 0xde214b70
17.24.29	警告	设备1 写入Bin文件超时-1！ 
17.24.29	警告	设备1 程序下载失败 
17.24.35	正常	设备1 继续下载失败的bin文件！ 
17.24.54	正常	设备1 程序下载成功 
17.33.13	正常	设备1 CRC = 0xde214b70
17.33.32	正常	设备1 程序下载成功 
17.57.03	正常	设备1 CRC = 0x93930784
17.57.22	正常	设备1 程序下载成功 
