13.52.19	正常	设备1 CRC = 0x5999033c
13.52.32	正常	设备1 程序下载成功 
14.16.43	正常	设备1 CRC = 0x5999033c
14.16.56	正常	设备1 程序下载成功 
14.25.50	正常	设备1 CRC = 0x5999033c
14.26.03	正常	设备1 程序下载成功 
14.41.20	正常	设备1 CRC = 0x5999033c
14.41.33	正常	设备1 程序下载成功 
14.57.47	正常	设备1 CRC = 0xdbd65615
14.58.00	正常	设备1 程序下载成功 
14.59.22	正常	设备1 CRC = 0xdbd65615
14.59.35	正常	设备1 程序下载成功 
15.01.40	正常	设备1 CRC = 0x5999033c
15.01.53	正常	设备1 程序下载成功 
15.04.19	正常	设备1 CRC = 0xbc2fc01a
15.04.19	错误	设备1 downImage复位失败!!
15.04.19	警告	设备1 程序下载失败 
15.04.35	正常	设备1 继续下载失败的bin文件！ 
15.04.49	正常	设备1 程序下载成功 
15.07.18	正常	设备1 CRC = 0x00fadf4a
15.07.18	错误	设备1 downImage复位失败!!
15.07.18	警告	设备1 程序下载失败 
15.07.27	正常	设备1 继续下载失败的bin文件！ 
15.07.40	正常	设备1 程序下载成功 
15.11.32	正常	设备1 CRC = 0x6a77bcde
15.11.46	正常	设备1 程序下载成功 
16.06.25	正常	设备1 CRC = 0x6a77bcde
16.06.39	正常	设备1 程序下载成功 
16.11.33	正常	设备1 CRC = 0x22066a12
16.11.47	正常	设备1 程序下载成功 
