15.10.00	正常	设备1 resetflash复位成功!!
15.10.40	正常	设备1 CRC = 0xa25842fa
15.10.53	正常	设备1 程序下载成功 
15.12.34	正常	设备1 CRC = 0xa25842fa
15.12.47	正常	设备1 程序下载成功 
15.13.24	正常	设备1 CRC = 0x0e04fa8c
15.13.38	正常	设备1 程序下载成功 
15.18.38	正常	设备1 resetflash复位成功!!
15.19.06	正常	设备1 CRC = 0xa25842fa
15.19.19	正常	设备1 程序下载成功 
15.19.38	正常	设备1 CRC = 0x0e04fa8c
15.19.52	正常	设备1 程序下载成功 
17.14.41	正常	设备1 CRC = 0x96a09eb7
17.14.54	正常	设备1 程序下载成功 
17.20.43	正常	设备1 CRC = 0x96a09eb7
17.20.56	正常	设备1 程序下载成功 
17.21.15	正常	设备1 读出成功!!
17.22.57	正常	设备1 CRC = 0x96a09eb7
17.23.38	正常	设备1 CRC = 0x96a09eb7
17.23.51	正常	设备1 程序下载成功 
20.00.26	正常	设备1 CRC = 0x96a09eb7
20.00.39	正常	设备1 程序下载成功 
20.06.59	正常	设备1 CRC = 0x2739fbec
20.07.13	正常	设备1 程序下载成功 
20.19.03	正常	设备1 CRC = 0xf5c50a1d
20.19.16	正常	设备1 程序下载成功 
20.42.44	正常	设备1 CRC = 0xb401f542
20.42.59	正常	设备1 程序下载成功 
21.01.10	正常	设备1 CRC = 0x88aa27e7
21.01.10	错误	设备1 downImage复位失败!!
21.01.10	警告	设备1 程序下载失败 
21.01.30	正常	设备1 CRC = 0x88aa27e7
21.01.45	正常	设备1 程序下载成功 
21.06.47	正常	设备1 CRC = 0x2739fbec
21.07.00	正常	设备1 程序下载成功 
