11.32.07	正常	设备1 CRC = 0xbf6dc7d4
11.32.08	警告	设备1 写入Bin文件超时-1！ 
11.32.08	警告	设备1 程序下载失败 
11.32.25	正常	设备1 继续下载失败的bin文件！ 
11.32.27	警告	设备1 写入Bin文件超时-1！ 
11.32.27	警告	设备1 程序下载失败 
11.32.48	正常	设备1 继续下载失败的bin文件！ 
11.32.48	错误	设备1 downImage复位失败!!
11.32.48	警告	设备1 程序下载失败 
11.33.06	正常	设备1 继续下载失败的bin文件！ 
11.33.25	正常	设备1 程序下载成功 
14.39.48	正常	设备1 CRC = 0xaec4341f
14.40.07	正常	设备1 程序下载成功 
14.43.05	正常	设备1 CRC = 0xbf6dc7d4
14.43.25	正常	设备1 程序下载成功 
14.53.25	正常	设备1 CRC = 0xc5ebcd10
14.53.44	正常	设备1 程序下载成功 
14.56.20	正常	设备1 CRC = 0xc5ebcd10
14.56.39	正常	设备1 程序下载成功 
14.57.47	正常	设备1 CRC = 0xbf6dc7d4
14.58.06	正常	设备1 程序下载成功 
15.04.18	正常	设备1 CRC = 0xd4423edb
15.04.37	正常	设备1 程序下载成功 
15.10.48	正常	设备1 CRC = 0xbf6dc7d4
15.11.07	正常	设备1 程序下载成功 
16.02.46	正常	设备1 CRC = 0x1c2f333a
16.03.05	正常	设备1 程序下载成功 
16.53.41	正常	设备1 CRC = 0x9141efd2
16.54.00	正常	设备1 程序下载成功 
17.19.00	正常	设备1 CRC = 0x9141efd2
17.19.20	正常	设备1 程序下载成功 
17.46.27	正常	设备1 CRC = 0x3db10473
17.46.46	正常	设备1 程序下载成功 
17.55.49	正常	设备1 CRC = 0xaf35f753
17.56.08	正常	设备1 程序下载成功 
18.00.04	正常	设备1 CRC = 0x52c4858e
18.00.23	正常	设备1 程序下载成功 
18.03.15	正常	设备1 CRC = 0x00d3b6b8
18.03.35	正常	设备1 程序下载成功 
19.43.11	正常	设备1 CRC = 0x47cd551c
19.43.30	正常	设备1 程序下载成功 
20.08.02	正常	设备1 CRC = 0xbc9ac5e3
20.08.21	正常	设备1 程序下载成功 
20.15.36	正常	设备1 CRC = 0x95dfaf08
20.15.55	正常	设备1 程序下载成功 
20.19.47	正常	设备1 CRC = 0x1db53f82
20.20.06	正常	设备1 程序下载成功 
20.54.12	正常	设备1 CRC = 0xfbd1d787
20.54.32	正常	设备1 程序下载成功 
20.56.33	正常	设备1 CRC = 0x8c603b4c
20.56.52	正常	设备1 程序下载成功 
21.03.27	正常	设备1 CRC = 0x8c603b4c
21.03.46	正常	设备1 程序下载成功 
