09.40.52	警告	设备1 文件打开失败!路径:D:\workspace\Bk\ble_3435_sdk_ext_39_0C0C\projects\ble_app_gatt\output\app\bk3435_ble_app_merge_crc.bin!
09.41.14	正常	设备1 CRC = 0xb3c207f0
09.41.14	错误	设备1 downImage复位失败!!
09.41.14	警告	设备1 程序下载失败 
09.41.21	正常	设备1 继续下载失败的bin文件！ 
09.41.22	错误	设备1 downImage复位失败!!
09.41.22	警告	设备1 程序下载失败 
09.42.28	正常	设备1 继续下载失败的bin文件！ 
09.42.29	错误	设备1 downImage复位失败!!
09.42.29	警告	设备1 程序下载失败 
09.42.43	正常	设备1 继续下载失败的bin文件！ 
09.42.43	错误	设备1 downImage复位失败!!
09.42.43	警告	设备1 程序下载失败 
09.43.08	正常	设备1 继续下载失败的bin文件！ 
09.43.09	错误	设备1 downImage复位失败!!
09.43.09	警告	设备1 程序下载失败 
09.43.14	正常	设备1 继续下载失败的bin文件！ 
09.43.14	错误	设备1 downImage复位失败!!
09.43.14	警告	设备1 程序下载失败 
09.43.43	正常	设备1 继续下载失败的bin文件！ 
09.43.44	错误	设备1 downImage复位失败!!
09.43.44	警告	设备1 程序下载失败 
10.43.33	正常	设备1 继续下载失败的bin文件！ 
10.43.51	正常	设备1 程序下载成功 
10.46.55	正常	设备1 CRC = 0xa412b355
10.47.12	正常	设备1 程序下载成功 
11.12.04	正常	设备1 CRC = 0x835e2981
11.12.22	正常	设备1 程序下载成功 
11.13.53	正常	设备1 CRC = 0x4292d7d9
11.13.53	错误	设备1 downImage复位失败!!
11.13.53	警告	设备1 程序下载失败 
11.14.00	正常	设备1 继续下载失败的bin文件！ 
11.14.17	正常	设备1 程序下载成功 
11.17.26	正常	设备1 CRC = 0x33ca192a
11.17.43	正常	设备1 程序下载成功 
11.19.15	正常	设备1 CRC = 0xc3f7f31e
11.19.32	正常	设备1 程序下载成功 
11.22.42	正常	设备1 CRC = 0x29794b22
11.22.42	错误	设备1 downImage复位失败!!
11.22.42	警告	设备1 程序下载失败 
11.22.47	正常	设备1 继续下载失败的bin文件！ 
11.22.48	错误	设备1 downImage复位失败!!
11.22.48	警告	设备1 程序下载失败 
11.23.50	正常	设备1 继续下载失败的bin文件！ 
11.23.50	错误	设备1 downImage复位失败!!
11.23.50	警告	设备1 程序下载失败 
11.25.21	正常	设备1 继续下载失败的bin文件！ 
11.25.21	错误	设备1 downImage复位失败!!
11.25.21	警告	设备1 程序下载失败 
11.25.22	正常	设备1 继续下载失败的bin文件！ 
11.25.23	错误	设备1 downImage复位失败!!
11.25.23	警告	设备1 程序下载失败 
11.26.45	正常	设备1 继续下载失败的bin文件！ 
11.26.45	错误	设备1 downImage复位失败!!
11.26.45	警告	设备1 程序下载失败 
11.28.52	正常	设备1 继续下载失败的bin文件！ 
11.28.53	错误	设备1 downImage复位失败!!
11.28.53	警告	设备1 程序下载失败 
11.31.02	正常	设备1 继续下载失败的bin文件！ 
11.31.02	错误	设备1 downImage复位失败!!
11.31.02	警告	设备1 程序下载失败 
11.31.20	正常	设备1 继续下载失败的bin文件！ 
11.31.21	错误	设备1 downImage复位失败!!
11.31.21	警告	设备1 程序下载失败 
11.32.56	正常	设备1 继续下载失败的bin文件！ 
11.33.13	正常	设备1 程序下载成功 
11.41.24	正常	设备1 CRC = 0x29794b22
11.41.24	错误	设备1 downImage复位失败!!
11.41.24	警告	设备1 程序下载失败 
11.42.13	正常	设备1 继续下载失败的bin文件！ 
11.42.13	错误	设备1 downImage复位失败!!
11.42.13	警告	设备1 程序下载失败 
11.42.15	正常	设备1 继续下载失败的bin文件！ 
11.42.16	错误	设备1 downImage复位失败!!
11.42.16	警告	设备1 程序下载失败 
11.44.48	正常	设备1 继续下载失败的bin文件！ 
11.45.06	正常	设备1 程序下载成功 
14.18.55	正常	设备1 CRC = 0x1515ba30
14.18.56	错误	设备1 downImage复位失败!!
14.18.56	警告	设备1 程序下载失败 
14.18.57	正常	设备1 继续下载失败的bin文件！ 
14.18.58	错误	设备1 downImage复位失败!!
14.18.58	警告	设备1 程序下载失败 
14.18.59	正常	设备1 继续下载失败的bin文件！ 
14.18.59	错误	设备1 downImage复位失败!!
14.18.59	警告	设备1 程序下载失败 
14.19.15	正常	设备1 继续下载失败的bin文件！ 
14.19.15	错误	设备1 downImage复位失败!!
14.19.15	警告	设备1 程序下载失败 
14.19.17	正常	设备1 继续下载失败的bin文件！ 
14.19.17	错误	设备1 downImage复位失败!!
14.19.17	警告	设备1 程序下载失败 
14.19.26	正常	设备1 继续下载失败的bin文件！ 
14.19.26	错误	设备1 downImage复位失败!!
14.19.26	警告	设备1 程序下载失败 
14.19.28	正常	设备1 继续下载失败的bin文件！ 
14.19.28	错误	设备1 downImage复位失败!!
14.19.28	警告	设备1 程序下载失败 
14.19.30	正常	设备1 继续下载失败的bin文件！ 
14.19.31	错误	设备1 downImage复位失败!!
14.19.31	警告	设备1 程序下载失败 
14.19.32	正常	设备1 继续下载失败的bin文件！ 
14.19.32	错误	设备1 downImage复位失败!!
14.19.32	警告	设备1 程序下载失败 
14.19.34	正常	设备1 继续下载失败的bin文件！ 
14.19.34	错误	设备1 downImage复位失败!!
14.19.34	警告	设备1 程序下载失败 
14.19.35	正常	设备1 继续下载失败的bin文件！ 
14.19.36	错误	设备1 downImage复位失败!!
14.19.36	警告	设备1 程序下载失败 
14.19.37	正常	设备1 继续下载失败的bin文件！ 
14.19.37	错误	设备1 downImage复位失败!!
14.19.37	警告	设备1 程序下载失败 
14.19.40	错误	设备1 dump复位失败!!
14.19.40	错误	设备1 读出失败!!
14.19.47	错误	设备1 dump复位失败!!
14.19.47	错误	设备1 读出失败!!
14.20.00	正常	设备1 继续下载失败的bin文件！ 
14.20.00	错误	设备1 downImage复位失败!!
14.20.00	警告	设备1 程序下载失败 
14.20.03	正常	设备1 继续下载失败的bin文件！ 
14.20.03	错误	设备1 downImage复位失败!!
14.20.03	警告	设备1 程序下载失败 
14.20.16	正常	设备1 继续下载失败的bin文件！ 
14.20.17	错误	设备1 downImage复位失败!!
14.20.17	警告	设备1 程序下载失败 
14.20.28	正常	设备1 继续下载失败的bin文件！ 
14.20.28	错误	设备1 downImage复位失败!!
14.20.28	警告	设备1 程序下载失败 
14.45.11	正常	设备1 继续下载失败的bin文件！ 
14.45.13	警告	设备1 写入Bin文件超时-1！ 
14.45.13	警告	设备1 程序下载失败 
14.45.17	正常	设备1 继续下载失败的bin文件！ 
14.45.19	警告	设备1 写入Bin文件超时-1！ 
14.45.19	警告	设备1 程序下载失败 
14.45.36	正常	设备1 继续下载失败的bin文件！ 
14.45.38	警告	设备1 写入Bin文件超时-1！ 
14.45.38	警告	设备1 程序下载失败 
14.45.50	正常	设备1 继续下载失败的bin文件！ 
14.45.52	警告	设备1 写入Bin文件超时-1！ 
14.45.52	警告	设备1 程序下载失败 
14.46.12	正常	设备1 继续下载失败的bin文件！ 
14.46.28	正常	设备1 程序下载成功 
14.46.31	正常	设备1 CRC = 0x1515ba30
14.46.33	警告	设备1 写入Bin文件超时-1！ 
14.46.33	警告	设备1 程序下载失败 
14.46.40	正常	设备1 继续下载失败的bin文件！ 
14.46.42	警告	设备1 写入Bin文件超时-1！ 
14.46.42	警告	设备1 程序下载失败 
14.46.47	正常	设备1 继续下载失败的bin文件！ 
14.46.49	警告	设备1 写入Bin文件超时-1！ 
14.46.49	警告	设备1 程序下载失败 
14.46.53	正常	设备1 继续下载失败的bin文件！ 
14.46.55	警告	设备1 写入Bin文件超时-1！ 
14.46.55	警告	设备1 程序下载失败 
14.46.59	正常	设备1 继续下载失败的bin文件！ 
14.47.01	警告	设备1 写入Bin文件超时-1！ 
14.47.01	警告	设备1 程序下载失败 
14.47.14	正常	设备1 继续下载失败的bin文件！ 
14.47.16	警告	设备1 写入Bin文件超时-1！ 
14.47.16	警告	设备1 程序下载失败 
14.47.17	正常	设备1 继续下载失败的bin文件！ 
14.47.19	警告	设备1 写入Bin文件超时-1！ 
14.47.19	警告	设备1 程序下载失败 
14.47.22	正常	设备1 继续下载失败的bin文件！ 
14.47.24	警告	设备1 写入Bin文件超时-1！ 
14.47.24	警告	设备1 程序下载失败 
14.48.01	正常	设备1 继续下载失败的bin文件！ 
14.48.03	警告	设备1 写入Bin文件超时-1！ 
14.48.03	警告	设备1 程序下载失败 
14.48.15	正常	设备1 继续下载失败的bin文件！ 
14.48.17	警告	设备1 写入Bin文件超时-1！ 
14.48.17	警告	设备1 程序下载失败 
14.48.22	正常	设备1 继续下载失败的bin文件！ 
14.48.24	警告	设备1 写入Bin文件超时-1！ 
14.48.24	警告	设备1 程序下载失败 
14.48.25	正常	设备1 继续下载失败的bin文件！ 
14.48.27	警告	设备1 写入Bin文件超时-1！ 
14.48.27	警告	设备1 程序下载失败 
14.48.30	正常	设备1 继续下载失败的bin文件！ 
14.48.47	正常	设备1 程序下载成功 
14.59.55	正常	设备1 CRC = 0x1515ba30
14.59.56	错误	设备1 downImage复位失败!!
14.59.56	警告	设备1 程序下载失败 
15.00.01	正常	设备1 继续下载失败的bin文件！ 
15.00.02	错误	设备1 downImage复位失败!!
15.00.02	警告	设备1 程序下载失败 
15.00.03	正常	设备1 继续下载失败的bin文件！ 
15.00.04	错误	设备1 downImage复位失败!!
15.00.04	警告	设备1 程序下载失败 
15.00.06	正常	设备1 继续下载失败的bin文件！ 
15.00.06	错误	设备1 downImage复位失败!!
15.00.06	警告	设备1 程序下载失败 
15.00.12	正常	设备1 继续下载失败的bin文件！ 
15.00.13	错误	设备1 downImage复位失败!!
15.00.13	警告	设备1 程序下载失败 
15.00.14	正常	设备1 继续下载失败的bin文件！ 
15.00.15	错误	设备1 downImage复位失败!!
15.00.15	警告	设备1 程序下载失败 
15.00.16	正常	设备1 继续下载失败的bin文件！ 
15.00.17	错误	设备1 downImage复位失败!!
15.00.17	警告	设备1 程序下载失败 
15.00.18	正常	设备1 继续下载失败的bin文件！ 
15.00.19	错误	设备1 downImage复位失败!!
15.00.19	警告	设备1 程序下载失败 
15.00.20	正常	设备1 继续下载失败的bin文件！ 
15.00.21	错误	设备1 downImage复位失败!!
15.00.21	警告	设备1 程序下载失败 
15.00.22	正常	设备1 继续下载失败的bin文件！ 
15.00.23	错误	设备1 downImage复位失败!!
15.00.23	警告	设备1 程序下载失败 
15.00.24	正常	设备1 继续下载失败的bin文件！ 
15.00.25	错误	设备1 downImage复位失败!!
15.00.25	警告	设备1 程序下载失败 
15.00.26	正常	设备1 继续下载失败的bin文件！ 
15.00.27	错误	设备1 downImage复位失败!!
15.00.27	警告	设备1 程序下载失败 
15.06.51	正常	设备1 继续下载失败的bin文件！ 
15.06.53	警告	设备1 写入Bin文件超时-1！ 
15.06.53	警告	设备1 程序下载失败 
15.07.06	正常	设备1 继续下载失败的bin文件！ 
15.07.08	警告	设备1 写入Bin文件超时-1！ 
15.07.08	警告	设备1 程序下载失败 
15.07.15	正常	设备1 继续下载失败的bin文件！ 
15.07.16	警告	设备1 写入Bin文件超时-1！ 
15.07.16	警告	设备1 程序下载失败 
15.07.22	正常	设备1 继续下载失败的bin文件！ 
15.07.39	正常	设备1 程序下载成功 
15.52.08	正常	设备1 CRC = 0x0e04fa8c
15.52.21	正常	设备1 程序下载成功 
15.53.11	正常	设备1 CRC = 0xa25842fa
15.53.12	错误	设备1 downImage复位失败!!
15.53.12	警告	设备1 程序下载失败 
15.53.15	正常	设备1 继续下载失败的bin文件！ 
15.53.28	正常	设备1 程序下载成功 
15.54.34	正常	设备1 CRC = 0xf95369dd
15.54.35	错误	设备1 downImage复位失败!!
15.54.35	警告	设备1 程序下载失败 
15.54.38	正常	设备1 继续下载失败的bin文件！ 
15.54.49	正常	设备1 程序下载成功 
15.55.26	正常	设备1 CRC = 0xa25842fa
15.55.39	正常	设备1 程序下载成功 
18.58.01	正常	设备1 CRC = 0x6ac65048
18.58.14	正常	设备1 程序下载成功 
19.07.01	正常	设备1 CRC = 0x901bbc26
19.07.14	正常	设备1 程序下载成功 
19.10.03	正常	设备1 CRC = 0x6ac65048
19.10.17	正常	设备1 程序下载成功 
19.13.40	正常	设备1 CRC = 0x94033443
19.13.54	正常	设备1 程序下载成功 
19.19.58	正常	设备1 CRC = 0xecb536a2
19.20.11	正常	设备1 程序下载成功 
19.29.09	正常	设备1 CRC = 0x9dc7abcd
19.29.22	正常	设备1 程序下载成功 
19.42.14	正常	设备1 CRC = 0x9dc7abcd
19.42.27	正常	设备1 程序下载成功 
20.22.57	正常	设备1 CRC = 0x3ab4c182
20.23.10	正常	设备1 程序下载成功 
