11.58.45	正常	设备1 CRC = 0x87f06a5e
11.59.00	正常	设备1 程序下载成功 
12.02.07	正常	设备1 CRC = 0x87f06a5e
12.02.22	正常	设备1 程序下载成功 
12.03.25	正常	设备1 CRC = 0xb0a2176c
12.03.40	正常	设备1 程序下载成功 
14.07.14	正常	设备1 CRC = 0x5935709c
14.07.15	错误	设备1 downImage复位失败!!
14.07.15	警告	设备1 程序下载失败 
14.07.23	正常	设备1 继续下载失败的bin文件！ 
14.07.38	正常	设备1 程序下载成功 
14.11.07	正常	设备1 CRC = 0xbae4e499
14.11.22	正常	设备1 程序下载成功 
14.21.20	正常	设备1 CRC = 0x39b7a87e
14.21.35	正常	设备1 程序下载成功 
14.28.31	正常	设备1 CRC = 0xd8727c31
14.28.46	正常	设备1 程序下载成功 
15.55.18	正常	设备1 CRC = 0x0e04fa8c
15.55.31	正常	设备1 程序下载成功 
15.56.00	正常	设备1 CRC = 0x442f6b07
15.56.00	错误	设备1 downImage复位失败!!
15.56.00	警告	设备1 程序下载失败 
15.56.07	正常	设备1 继续下载失败的bin文件！ 
15.56.21	正常	设备1 程序下载成功 
15.56.48	正常	设备1 CRC = 0xa5ec7722
15.56.48	错误	设备1 downImage复位失败!!
15.56.48	警告	设备1 程序下载失败 
15.56.52	正常	设备1 继续下载失败的bin文件！ 
15.57.07	正常	设备1 程序下载成功 
16.54.22	正常	设备1 CRC = 0x9fae34d7
16.54.38	正常	设备1 程序下载成功 
17.01.05	正常	设备1 CRC = 0x270e1104
17.01.20	正常	设备1 程序下载成功 
18.45.34	正常	设备1 CRC = 0x96e39e3d
18.45.49	正常	设备1 程序下载成功 
20.13.04	正常	设备1 CRC = 0x1515ba30
20.13.21	正常	设备1 程序下载成功 
