13.52.40	正常	设备1 CRC = 0x0792ff4e
13.52.41	错误	设备1 downImage复位失败!!
13.52.41	警告	设备1 程序下载失败 
13.52.47	正常	设备1 继续下载失败的bin文件！ 
13.53.04	正常	设备1 程序下载成功 
13.54.06	正常	设备1 CRC = 0x0792ff4e
13.54.23	正常	设备1 程序下载成功 
13.55.49	正常	设备1 CRC = 0xa25842fa
13.56.02	正常	设备1 程序下载成功 
13.59.26	正常	设备1 CRC = 0x0792ff4e
13.59.43	正常	设备1 程序下载成功 
14.00.44	正常	设备1 CRC = 0x0792ff4e
14.01.01	正常	设备1 程序下载成功 
14.03.08	正常	设备1 CRC = 0xd43b813f
14.03.25	正常	设备1 程序下载成功 
14.04.55	正常	设备1 CRC = 0xc13a9dc5
14.05.12	正常	设备1 程序下载成功 
14.09.30	正常	设备1 CRC = 0x04e517fe
14.09.47	正常	设备1 程序下载成功 
14.11.23	正常	设备1 CRC = 0x74f3e003
14.11.23	错误	设备1 downImage复位失败!!
14.11.23	警告	设备1 程序下载失败 
14.11.30	正常	设备1 继续下载失败的bin文件！ 
14.11.46	正常	设备1 程序下载成功 
14.13.40	正常	设备1 擦除成功!!
14.13.43	正常	设备1 CRC = 0x74f3e003
14.13.59	正常	设备1 程序下载成功 
14.14.56	正常	设备1 CRC = 0xc13a9dc5
14.15.13	正常	设备1 程序下载成功 
14.17.13	正常	设备1 CRC = 0xa25842fa
14.17.26	正常	设备1 程序下载成功 
14.20.09	正常	设备1 CRC = 0xd43b813f
14.20.26	正常	设备1 程序下载成功 
14.27.32	正常	设备1 CRC = 0x6041ab68
14.27.49	正常	设备1 程序下载成功 
14.29.55	正常	设备1 CRC = 0xa584af3a
14.30.11	正常	设备1 程序下载成功 
14.32.16	正常	设备1 CRC = 0x04ff9997
14.32.33	正常	设备1 程序下载成功 
15.21.46	正常	设备1 CRC = 0x69997fcb
15.22.04	正常	设备1 程序下载成功 
15.23.18	正常	设备1 CRC = 0xc3f8dfec
15.23.35	正常	设备1 程序下载成功 
15.30.39	正常	设备1 CRC = 0xc3f8dfec
15.30.56	正常	设备1 程序下载成功 
16.16.52	正常	设备1 CRC = 0x8ac5bc2d
16.17.09	正常	设备1 程序下载成功 
16.30.47	正常	设备1 CRC = 0x409e03ae
16.31.04	正常	设备1 程序下载成功 
16.39.28	正常	设备1 CRC = 0xc15b0ddf
16.39.45	正常	设备1 程序下载成功 
16.50.05	正常	设备1 CRC = 0xae84abd2
16.50.22	正常	设备1 程序下载成功 
16.50.58	正常	设备1 擦除成功!!
16.51.01	正常	设备1 CRC = 0xae84abd2
16.51.18	正常	设备1 程序下载成功 
16.52.02	正常	设备1 擦除成功!!
16.52.06	正常	设备1 CRC = 0xa07abbae
16.52.22	正常	设备1 程序下载成功 
16.54.19	正常	设备1 CRC = 0xa25842fa
16.54.32	正常	设备1 程序下载成功 
16.54.45	正常	设备1 CRC = 0xa07abbae
16.55.01	正常	设备1 程序下载成功 
16.56.13	正常	设备1 CRC = 0xdf5edd99
16.56.30	正常	设备1 程序下载成功 
17.57.15	正常	设备1 CRC = 0xc15b0ddf
17.57.32	正常	设备1 程序下载成功 
18.04.06	正常	设备1 CRC = 0xc15b0ddf
18.04.07	警告	设备1 写入Bin文件超时-1！ 
18.04.07	警告	设备1 程序下载失败 
18.04.26	正常	设备1 继续下载失败的bin文件！ 
18.04.43	正常	设备1 程序下载成功 
19.27.41	正常	设备1 CRC = 0xc15b0ddf
19.27.41	错误	设备1 downImage复位失败!!
19.27.41	警告	设备1 程序下载失败 
19.27.47	正常	设备1 继续下载失败的bin文件！ 
19.27.47	错误	设备1 downImage复位失败!!
19.27.47	警告	设备1 程序下载失败 
19.28.01	正常	设备1 继续下载失败的bin文件！ 
19.28.02	错误	设备1 downImage复位失败!!
19.28.02	警告	设备1 程序下载失败 
19.48.45	正常	设备1 继续下载失败的bin文件！ 
19.49.02	正常	设备1 程序下载成功 
19.49.18	正常	设备1 CRC = 0xa25842fa
19.49.31	正常	设备1 程序下载成功 
19.52.16	正常	设备1 CRC = 0x60496c69
19.52.33	正常	设备1 程序下载成功 
19.56.33	正常	设备1 CRC = 0xf01d6240
19.56.47	正常	设备1 程序下载成功 
19.58.55	正常	设备1 CRC = 0x64f6dab7
19.59.12	正常	设备1 程序下载成功 
20.03.01	正常	设备1 CRC = 0x9770c72a
20.03.19	正常	设备1 程序下载成功 
20.06.14	正常	设备1 CRC = 0xa25842fa
20.06.28	正常	设备1 程序下载成功 
20.08.32	正常	设备1 CRC = 0xe83e884c
20.08.45	正常	设备1 程序下载成功 
20.09.50	正常	设备1 CRC = 0xe83e884c
20.10.04	正常	设备1 程序下载成功 
20.10.58	正常	设备1 CRC = 0x9770c72a
20.11.15	正常	设备1 程序下载成功 
20.14.34	正常	设备1 CRC = 0x9770c72a
20.14.51	正常	设备1 程序下载成功 
