10.02.14	正常	设备1 CRC = 0x68f514fb
10.02.33	正常	设备1 程序下载成功 
15.55.33	正常	设备1 CRC = 0x7ce8aa9c
15.55.52	正常	设备1 程序下载成功 
16.11.21	正常	设备1 CRC = 0x68f514fb
16.11.40	正常	设备1 程序下载成功 
17.34.50	正常	设备1 CRC = 0x102117c5
17.35.09	正常	设备1 程序下载成功 
17.36.29	正常	设备1 CRC = 0x703090ee
17.36.47	正常	设备1 程序下载成功 
17.41.27	正常	设备1 CRC = 0xdd6404e6
17.41.29	警告	设备1 写入Bin文件超时-1！ 
17.41.29	警告	设备1 程序下载失败 
17.41.35	正常	设备1 继续下载失败的bin文件！ 
17.41.37	警告	设备1 写入Bin文件超时-1！ 
17.41.37	警告	设备1 程序下载失败 
17.41.48	正常	设备1 继续下载失败的bin文件！ 
17.42.07	正常	设备1 程序下载成功 
17.52.17	正常	设备1 CRC = 0x001f7a48
17.52.35	正常	设备1 程序下载成功 
17.55.51	正常	设备1 CRC = 0xcec93692
17.55.53	警告	设备1 写入Bin文件超时-1！ 
17.55.53	警告	设备1 程序下载失败 
17.55.58	正常	设备1 继续下载失败的bin文件！ 
17.56.17	正常	设备1 程序下载成功 
18.02.45	正常	设备1 CRC = 0x145d19b8
18.03.04	正常	设备1 程序下载成功 
