11.00.22	正常	设备1 CRC = 0x2c4cf806
11.00.42	正常	设备1 程序下载成功 
11.04.37	正常	设备1 CRC = 0xad4ca65d
11.04.56	正常	设备1 程序下载成功 
11.10.16	正常	设备1 CRC = 0xe57faa40
11.10.35	正常	设备1 程序下载成功 
11.12.49	正常	设备1 CRC = 0xba37481c
11.13.08	正常	设备1 程序下载成功 
11.18.47	正常	设备1 CRC = 0x30c6bfba
11.19.06	正常	设备1 程序下载成功 
11.20.09	正常	设备1 CRC = 0x29efcf63
11.20.29	正常	设备1 程序下载成功 
11.24.57	正常	设备1 CRC = 0x94373a59
11.25.16	正常	设备1 程序下载成功 
11.54.12	正常	设备1 CRC = 0x6c76810c
11.54.31	正常	设备1 程序下载成功 
11.56.12	正常	设备1 CRC = 0x3567cbbe
11.56.31	正常	设备1 程序下载成功 
15.04.01	正常	设备1 CRC = 0x88d31e3e
15.04.11	正常	设备1 程序下载成功 
15.05.00	正常	设备1 CRC = 0x88d31e3e
15.05.09	正常	设备1 程序下载成功 
15.05.43	正常	设备1 CRC = 0x88d31e3e
15.05.52	正常	设备1 程序下载成功 
15.06.53	正常	设备1 CRC = 0xbb9b06d7
15.06.54	错误	设备1 downImage复位失败!!
15.06.54	警告	设备1 程序下载失败 
15.06.58	正常	设备1 继续下载失败的bin文件！ 
15.07.17	正常	设备1 程序下载成功 
15.07.51	正常	设备1 CRC = 0xbb9b06d7
15.08.11	正常	设备1 程序下载成功 
